Godot Engine v4.1.2.stable.official.399c9dc39 - https://godotengine.org
Vulkan API 1.3.242 - Forward Mobile - Using Vulkan Device #0: NVIDIA - NVIDIA GeForce GTX 1060 6GB
 
USER ERROR: Error calling from signal 'ready' to callable: 'Node2D(level_1.gd)::_on_boss_1_ready': Method not found.
   at: emit_signalp (core/object/object.cpp:1082)
100
USER ERROR: Error calling from signal 'ready' to callable: 'Node2D(level_1.gd)::_on_ready': Method not found.
   at: emit_signalp (core/object/object.cpp:1082)
USER ERROR: Error calling from signal 'pressed' to callable: 'Node2D(level_1.gd)::_on_button_pressed': Method not found.
   at: emit_signalp (core/object/object.cpp:1082)
USER ERROR: Error calling from signal 'pressed' to callable: 'Node2D(level_1.gd)::_on_button_pressed': Method not found.
   at: emit_signalp (core/object/object.cpp:1082)
USER ERROR: Error calling from signal 'pressed' to callable: 'Node2D(level_1.gd)::_on_button_pressed': Method not found.
   at: emit_signalp (core/object/object.cpp:1082)
USER ERROR: Error calling from signal 'pressed' to callable: 'Node2D(level_1.gd)::_on_button_pressed': Method not found.
   at: emit_signalp (core/object/object.cpp:1082)
USER ERROR: Error calling from signal 'pressed' to callable: 'Node2D(level_1.gd)::_on_button_pressed': Method not found.
   at: emit_signalp (core/object/object.cpp:1082)
USER ERROR: Error calling from signal 'pressed' to callable: 'Node2D(level_1.gd)::_on_button_pressed': Method not found.
   at: emit_signalp (core/object/object.cpp:1082)
USER ERROR: Error calling from signal 'pressed' to callable: 'Node2D(level_1.gd)::_on_button_pressed': Method not found.
   at: emit_signalp (core/object/object.cpp:1082)
USER ERROR: Error calling from signal 'pressed' to callable: 'Node2D(level_1.gd)::_on_button_pressed': Method not found.
   at: emit_signalp (core/object/object.cpp:1082)
ERROR: 1 RID allocations of type 'N18RendererCanvasCull4ItemE' were leaked at exit.
USER WARNING: ObjectDB instances leaked at exit (run with --verbose for details).
   at: cleanup (core/object/object.cpp:2047)
USER ERROR: Resources still in use at exit (run with --verbose for details).
   at: clear (core/io/resource.cpp:489)
