Godot Engine v4.1.3.stable.official.f06b6836a - https://godotengine.org
Vulkan API 1.3.242 - Forward Mobile - Using Vulkan Device #0: NVIDIA - NVIDIA GeForce GTX 1060 6GB
 
USER ERROR: Error calling from signal 'ready' to callable: 'Node2D(level_1.gd)::_on_boss_1_ready': Method not found.
   at: emit_signalp (core/object/object.cpp:1082)
100
USER ERROR: Error calling from signal 'ready' to callable: 'Node2D(level_1.gd)::_on_ready': Method not found.
   at: emit_signalp (core/object/object.cpp:1082)
Boss HP:90
Boss HP:80
Boss HP:70
Boss HP:60
Boss HP:50
Boss HP:40
Boss HP:30
Boss HP:20
Boss HP:10
Boss HP:0
BOSS IS DEAD HEHEHEHE
Boss HP:-10
BOSS IS DEAD HEHEHEHE
Boss HP:-20
BOSS IS DEAD HEHEHEHE
Boss HP:-30
BOSS IS DEAD HEHEHEHE
Boss HP:-40
BOSS IS DEAD HEHEHEHE
Boss HP:-50
BOSS IS DEAD HEHEHEHE
Boss HP:-60
BOSS IS DEAD HEHEHEHE
ERROR: 1 RID allocations of type 'N18RendererCanvasCull4ItemE' were leaked at exit.
USER WARNING: ObjectDB instances leaked at exit (run with --verbose for details).
   at: cleanup (core/object/object.cpp:2047)
USER ERROR: Resources still in use at exit (run with --verbose for details).
   at: clear (core/io/resource.cpp:494)
